app/build/intermediates/manifest_merge_blame_file/debug/manifest-merger-blame-debug-report.txt
1<?xml version="1.0" encoding="utf-8"?>
2<manifest xmlns:android="http://schemas.android.com/apk/res/android"
3    package="com.ujanglukmanbdg.pemeta"
4    android:versionCode="1"
5    android:versionName="1.0" >
6
7    <uses-sdk
8        android:minSdkVersion="26"
8-->src/main/AndroidManifest.xml
9        android:targetSdkVersion="33" />
9-->src/main/AndroidManifest.xml
10
11    <uses-permission android:name="android.permission.INTERNET" />
11-->src/main/AndroidManifest.xml:6:5-67
11-->src/main/AndroidManifest.xml:6:22-64
12    <uses-permission android:name="android.permission.CAMERA" />
12-->src/main/AndroidManifest.xml:7:5-65
12-->src/main/AndroidManifest.xml:7:22-62
13    <uses-permission android:name="android.permission.READ_EXTERNAL_STORAGE" />
13-->src/main/AndroidManifest.xml:8:5-80
13-->src/main/AndroidManifest.xml:8:22-77
14    <uses-permission android:name="android.permission.ACCESS_FINE_LOCATION" />
14-->src/main/AndroidManifest.xml:9:5-79
14-->src/main/AndroidManifest.xml:9:22-76
15    <uses-permission android:name="android.permission.ACCESS_COARSE_LOCATION" />
15-->src/main/AndroidManifest.xml:10:5-81
15-->src/main/AndroidManifest.xml:10:22-78
16
17    <!-- Include required permissions for Google Maps API to run. -->
18    <uses-permission android:name="android.permission.ACCESS_NETWORK_STATE" />
18-->[com.google.android.gms:play-services-maps:18.1.0] AndroidManifest.xml:23:5-79
18-->[com.google.android.gms:play-services-maps:18.1.0] AndroidManifest.xml:23:22-76
19
20    <uses-feature
20-->[com.google.android.gms:play-services-maps:18.1.0] AndroidManifest.xml:26:5-28:35
21        android:glEsVersion="0x00020000"
21-->[com.google.android.gms:play-services-maps:18.1.0] AndroidManifest.xml:27:9-41
22        android:required="true" />
22-->[com.google.android.gms:play-services-maps:18.1.0] AndroidManifest.xml:28:9-32
23
24    <queries>
24-->[com.google.android.gms:play-services-maps:18.1.0] AndroidManifest.xml:30:5-34:15
25
26        <!-- Needs to be explicitly declared on Android R+ -->
27        <package android:name="com.google.android.apps.maps" />
27-->[com.google.android.gms:play-services-maps:18.1.0] AndroidManifest.xml:33:9-64
27-->[com.google.android.gms:play-services-maps:18.1.0] AndroidManifest.xml:33:18-61
28    </queries>
29
30    <uses-permission android:name="android.permission.WAKE_LOCK" />
30-->[com.google.android.gms:play-services-measurement-api:21.0.0] AndroidManifest.xml:24:5-68
30-->[com.google.android.gms:play-services-measurement-api:21.0.0] AndroidManifest.xml:24:22-65
31    <uses-permission android:name="com.google.android.gms.permission.AD_ID" />
31-->[com.google.android.gms:play-services-measurement-api:21.0.0] AndroidManifest.xml:25:5-79
31-->[com.google.android.gms:play-services-measurement-api:21.0.0] AndroidManifest.xml:25:22-76
32    <uses-permission android:name="com.google.android.finsky.permission.BIND_GET_INSTALL_REFERRER_SERVICE" />
32-->[com.google.android.gms:play-services-measurement:21.0.0] AndroidManifest.xml:26:5-110
32-->[com.google.android.gms:play-services-measurement:21.0.0] AndroidManifest.xml:26:22-107
33
34    <permission
34-->[androidx.core:core:1.9.0] AndroidManifest.xml:22:5-24:47
35        android:name="com.ujanglukmanbdg.pemeta.DYNAMIC_RECEIVER_NOT_EXPORTED_PERMISSION"
35-->[androidx.core:core:1.9.0] AndroidManifest.xml:23:9-81
36        android:protectionLevel="signature" />
36-->[androidx.core:core:1.9.0] AndroidManifest.xml:24:9-44
37
38    <uses-permission android:name="com.ujanglukmanbdg.pemeta.DYNAMIC_RECEIVER_NOT_EXPORTED_PERMISSION" />
38-->[androidx.core:core:1.9.0] AndroidManifest.xml:26:5-97
38-->[androidx.core:core:1.9.0] AndroidManifest.xml:26:22-94
39
40    <application
40-->src/main/AndroidManifest.xml:12:5-78:19
41        android:allowBackup="true"
41-->src/main/AndroidManifest.xml:13:9-35
42        android:appComponentFactory="androidx.core.app.CoreComponentFactory"
42-->[androidx.core:core:1.9.0] AndroidManifest.xml:28:18-86
43        android:dataExtractionRules="@xml/data_extraction_rules"
43-->src/main/AndroidManifest.xml:14:9-65
44        android:debuggable="true"
45        android:extractNativeLibs="false"
46        android:fullBackupContent="@xml/backup_rules"
46-->src/main/AndroidManifest.xml:15:9-54
47        android:icon="@mipmap/ic_launcher"
47-->src/main/AndroidManifest.xml:16:9-43
48        android:label="@string/app_name"
48-->src/main/AndroidManifest.xml:17:9-41
49        android:roundIcon="@mipmap/ic_launcher_round"
49-->src/main/AndroidManifest.xml:18:9-54
50        android:supportsRtl="true"
50-->src/main/AndroidManifest.xml:19:9-35
51        android:testOnly="true"
52        android:theme="@style/Theme.PemetaEngineeringSystem" >
52-->src/main/AndroidManifest.xml:20:9-61
53        <activity
53-->src/main/AndroidManifest.xml:22:9-24:40
54            android:name="com.ujanglukmanbdg.pemeta.ui.detail.experience.ListExperienceActivity"
54-->src/main/AndroidManifest.xml:23:13-72
55            android:exported="false" />
55-->src/main/AndroidManifest.xml:24:13-37
56        <activity
56-->src/main/AndroidManifest.xml:25:9-27:40
57            android:name="com.ujanglukmanbdg.pemeta.ui.detail.personil.DetailPersonilActivity"
57-->src/main/AndroidManifest.xml:26:13-70
58            android:exported="false" />
58-->src/main/AndroidManifest.xml:27:13-37
59        <activity
59-->src/main/AndroidManifest.xml:28:9-30:40
60            android:name="com.ujanglukmanbdg.pemeta.ui.detail.profile.CompanyProfileActivity"
60-->src/main/AndroidManifest.xml:29:13-69
61            android:exported="false" />
61-->src/main/AndroidManifest.xml:30:13-37
62        <activity
62-->src/main/AndroidManifest.xml:31:9-34:59
63            android:name="com.ujanglukmanbdg.pemeta.ui.maps.MapsActivity"
63-->src/main/AndroidManifest.xml:32:13-49
64            android:exported="false"
64-->src/main/AndroidManifest.xml:33:13-37
65            android:label="@string/title_activity_maps" />
65-->src/main/AndroidManifest.xml:34:13-56
66        <!--
67             TODO: Before you run your application, you need a Google Maps API key.
68
69             To get one, follow the directions here:
70
71                https://developers.google.com/maps/documentation/android-sdk/get-api-key
72
73             Once you have your API key (it starts with "AIza"), define a new property in your
74             project's local.properties file (e.g. MAPS_API_KEY=Aiza...), and replace the
75             "YOUR_API_KEY" string in this file with "${MAPS_API_KEY}".
76        -->
77        <meta-data
78            android:name="com.google.android.geo.API_KEY"
78-->src/main/AndroidManifest.xml:47:13-58
79            android:value="AIzaSyAzAdHnhSf8GduEBkvGkepWCVzGAa5VEVU" />
79-->src/main/AndroidManifest.xml:48:13-44
80
81        <activity
81-->src/main/AndroidManifest.xml:50:9-52:40
82            android:name="com.ujanglukmanbdg.pemeta.ui.detail.experience.DetailExperienceActivity"
82-->src/main/AndroidManifest.xml:51:13-74
83            android:exported="false" />
83-->src/main/AndroidManifest.xml:52:13-37
84        <activity
84-->src/main/AndroidManifest.xml:53:9-55:40
85            android:name="com.ujanglukmanbdg.pemeta.ui.sistempemeta.login.LoginActivity"
85-->src/main/AndroidManifest.xml:54:13-64
86            android:exported="false" />
86-->src/main/AndroidManifest.xml:55:13-37
87        <activity
87-->src/main/AndroidManifest.xml:56:9-58:40
88            android:name="com.ujanglukmanbdg.pemeta.ui.sistempemeta.DashboardSistemActivity"
88-->src/main/AndroidManifest.xml:57:13-68
89            android:exported="false" />
89-->src/main/AndroidManifest.xml:58:13-37
90        <activity
90-->src/main/AndroidManifest.xml:59:9-62:67
91            android:name="com.ujanglukmanbdg.pemeta.ui.home.LandingPageActivity"
91-->src/main/AndroidManifest.xml:60:13-56
92            android:exported="false"
92-->src/main/AndroidManifest.xml:61:13-37
93            android:label="@string/title_activity_landing_page" />
93-->src/main/AndroidManifest.xml:62:13-64
94        <activity
94-->src/main/AndroidManifest.xml:63:9-65:40
95            android:name="com.ujanglukmanbdg.pemeta.ui.welcome.WelcomeActivity"
95-->src/main/AndroidManifest.xml:64:13-55
96            android:exported="false" />
96-->src/main/AndroidManifest.xml:65:13-37
97        <activity
97-->src/main/AndroidManifest.xml:66:9-74:20
98            android:name="com.ujanglukmanbdg.pemeta.ui.splash.SplashScreenActivity"
98-->src/main/AndroidManifest.xml:67:13-59
99            android:exported="true" >
99-->src/main/AndroidManifest.xml:68:13-36
100            <intent-filter>
100-->src/main/AndroidManifest.xml:69:13-73:29
101                <action android:name="android.intent.action.MAIN" />
101-->src/main/AndroidManifest.xml:70:17-69
101-->src/main/AndroidManifest.xml:70:25-66
102
103                <category android:name="android.intent.category.LAUNCHER" />
103-->src/main/AndroidManifest.xml:72:17-77
103-->src/main/AndroidManifest.xml:72:27-74
104            </intent-filter>
105        </activity>
106        <activity
106-->src/main/AndroidManifest.xml:75:9-77:39
107            android:name="com.ujanglukmanbdg.pemeta.ui.main.MainActivity"
107-->src/main/AndroidManifest.xml:76:13-49
108            android:exported="true" />
108-->src/main/AndroidManifest.xml:77:13-36
109        <activity
109-->[com.google.android.gms:play-services-auth:20.3.0] AndroidManifest.xml:23:9-27:75
110            android:name="com.google.android.gms.auth.api.signin.internal.SignInHubActivity"
110-->[com.google.android.gms:play-services-auth:20.3.0] AndroidManifest.xml:24:13-93
111            android:excludeFromRecents="true"
111-->[com.google.android.gms:play-services-auth:20.3.0] AndroidManifest.xml:25:13-46
112            android:exported="false"
112-->[com.google.android.gms:play-services-auth:20.3.0] AndroidManifest.xml:26:13-37
113            android:theme="@android:style/Theme.Translucent.NoTitleBar" />
113-->[com.google.android.gms:play-services-auth:20.3.0] AndroidManifest.xml:27:13-72
114        <!--
115            Service handling Google Sign-In user revocation. For apps that do not integrate with
116            Google Sign-In, this service will never be started.
117        -->
118        <service
118-->[com.google.android.gms:play-services-auth:20.3.0] AndroidManifest.xml:33:9-37:51
119            android:name="com.google.android.gms.auth.api.signin.RevocationBoundService"
119-->[com.google.android.gms:play-services-auth:20.3.0] AndroidManifest.xml:34:13-89
120            android:exported="true"
120-->[com.google.android.gms:play-services-auth:20.3.0] AndroidManifest.xml:35:13-36
121            android:permission="com.google.android.gms.auth.api.signin.permission.REVOCATION_NOTIFICATION"
121-->[com.google.android.gms:play-services-auth:20.3.0] AndroidManifest.xml:36:13-107
122            android:visibleToInstantApps="true" /> <!-- Needs to be explicitly declared on P+ -->
122-->[com.google.android.gms:play-services-auth:20.3.0] AndroidManifest.xml:37:13-48
123        <uses-library
123-->[com.google.android.gms:play-services-maps:18.1.0] AndroidManifest.xml:39:9-41:40
124            android:name="org.apache.http.legacy"
124-->[com.google.android.gms:play-services-maps:18.1.0] AndroidManifest.xml:40:13-50
125            android:required="false" />
125-->[com.google.android.gms:play-services-maps:18.1.0] AndroidManifest.xml:41:13-37
126
127        <service
127-->[com.google.firebase:firebase-auth-ktx:21.0.8] AndroidManifest.xml:8:9-14:19
128            android:name="com.google.firebase.components.ComponentDiscoveryService"
128-->[com.google.firebase:firebase-auth-ktx:21.0.8] AndroidManifest.xml:9:13-84
129            android:directBootAware="true"
129-->[com.google.firebase:firebase-common:20.1.2] AndroidManifest.xml:35:13-43
130            android:exported="false" >
130-->[com.google.firebase:firebase-auth-ktx:21.0.8] AndroidManifest.xml:10:13-37
131            <meta-data
131-->[com.google.firebase:firebase-auth-ktx:21.0.8] AndroidManifest.xml:11:13-13:85
132                android:name="com.google.firebase.components:com.google.firebase.auth.ktx.FirebaseAuthKtxRegistrar"
132-->[com.google.firebase:firebase-auth-ktx:21.0.8] AndroidManifest.xml:12:17-116
133                android:value="com.google.firebase.components.ComponentRegistrar" />
133-->[com.google.firebase:firebase-auth-ktx:21.0.8] AndroidManifest.xml:13:17-82
134            <meta-data
134-->[com.google.firebase:firebase-auth:21.0.8] AndroidManifest.xml:67:13-69:85
135                android:name="com.google.firebase.components:com.google.firebase.auth.FirebaseAuthRegistrar"
135-->[com.google.firebase:firebase-auth:21.0.8] AndroidManifest.xml:68:17-109
136                android:value="com.google.firebase.components.ComponentRegistrar" />
136-->[com.google.firebase:firebase-auth:21.0.8] AndroidManifest.xml:69:17-82
137            <meta-data
137-->[com.google.firebase:firebase-database-ktx:20.0.6] AndroidManifest.xml:15:13-17:85
138                android:name="com.google.firebase.components:com.google.firebase.database.ktx.FirebaseDatabaseKtxRegistrar"
138-->[com.google.firebase:firebase-database-ktx:20.0.6] AndroidManifest.xml:16:17-124
139                android:value="com.google.firebase.components.ComponentRegistrar" />
139-->[com.google.firebase:firebase-database-ktx:20.0.6] AndroidManifest.xml:17:17-82
140            <meta-data
140-->[com.google.firebase:firebase-database:20.0.6] AndroidManifest.xml:32:13-34:85
141                android:name="com.google.firebase.components:com.google.firebase.database.DatabaseRegistrar"
141-->[com.google.firebase:firebase-database:20.0.6] AndroidManifest.xml:33:17-109
142                android:value="com.google.firebase.components.ComponentRegistrar" />
142-->[com.google.firebase:firebase-database:20.0.6] AndroidManifest.xml:34:17-82
143            <meta-data
143-->[com.google.firebase:firebase-firestore-ktx:24.3.1] AndroidManifest.xml:15:13-17:85
144                android:name="com.google.firebase.components:com.google.firebase.firestore.ktx.FirebaseFirestoreKtxRegistrar"
144-->[com.google.firebase:firebase-firestore-ktx:24.3.1] AndroidManifest.xml:16:17-126
145                android:value="com.google.firebase.components.ComponentRegistrar" />
145-->[com.google.firebase:firebase-firestore-ktx:24.3.1] AndroidManifest.xml:17:17-82
146            <meta-data
146-->[com.google.firebase:firebase-firestore:24.3.1] AndroidManifest.xml:20:13-22:85
147                android:name="com.google.firebase.components:com.google.firebase.firestore.FirestoreRegistrar"
147-->[com.google.firebase:firebase-firestore:24.3.1] AndroidManifest.xml:21:17-111
148                android:value="com.google.firebase.components.ComponentRegistrar" />
148-->[com.google.firebase:firebase-firestore:24.3.1] AndroidManifest.xml:22:17-82
149            <meta-data
149-->[com.google.firebase:firebase-ml-modeldownloader-ktx:24.0.3] AndroidManifest.xml:27:13-29:85
150                android:name="com.google.firebase.components:com.google.firebase.ml.modeldownloader.ktx.FirebaseMlModelDownloaderKtxRegistrar"
150-->[com.google.firebase:firebase-ml-modeldownloader-ktx:24.0.3] AndroidManifest.xml:28:17-143
151                android:value="com.google.firebase.components.ComponentRegistrar" />
151-->[com.google.firebase:firebase-ml-modeldownloader-ktx:24.0.3] AndroidManifest.xml:29:17-82
152            <meta-data
152-->[com.google.firebase:firebase-analytics-ktx:21.0.0] AndroidManifest.xml:11:13-13:85
153                android:name="com.google.firebase.components:com.google.firebase.analytics.ktx.FirebaseAnalyticsKtxRegistrar"
153-->[com.google.firebase:firebase-analytics-ktx:21.0.0] AndroidManifest.xml:12:17-126
154                android:value="com.google.firebase.components.ComponentRegistrar" />
154-->[com.google.firebase:firebase-analytics-ktx:21.0.0] AndroidManifest.xml:13:17-82
155            <meta-data
155-->[com.google.firebase:firebase-common-ktx:20.1.2] AndroidManifest.xml:15:13-17:85
156                android:name="com.google.firebase.components:com.google.firebase.ktx.FirebaseCommonKtxRegistrar"
156-->[com.google.firebase:firebase-common-ktx:20.1.2] AndroidManifest.xml:16:17-113
157                android:value="com.google.firebase.components.ComponentRegistrar" />
157-->[com.google.firebase:firebase-common-ktx:20.1.2] AndroidManifest.xml:17:17-82
158            <meta-data
158-->[com.google.firebase:firebase-ml-modeldownloader:24.0.3] AndroidManifest.xml:29:13-31:85
159                android:name="com.google.firebase.components:com.google.firebase.ml.modeldownloader.FirebaseModelDownloaderRegistrar"
159-->[com.google.firebase:firebase-ml-modeldownloader:24.0.3] AndroidManifest.xml:30:17-134
160                android:value="com.google.firebase.components.ComponentRegistrar" />
160-->[com.google.firebase:firebase-ml-modeldownloader:24.0.3] AndroidManifest.xml:31:17-82
161            <meta-data
161-->[com.google.firebase:firebase-datatransport:18.1.1] AndroidManifest.xml:28:13-30:85
162                android:name="com.google.firebase.components:com.google.firebase.datatransport.TransportRegistrar"
162-->[com.google.firebase:firebase-datatransport:18.1.1] AndroidManifest.xml:29:17-115
163                android:value="com.google.firebase.components.ComponentRegistrar" />
163-->[com.google.firebase:firebase-datatransport:18.1.1] AndroidManifest.xml:30:17-82
164            <meta-data
164-->[com.google.android.gms:play-services-measurement-api:21.0.0] AndroidManifest.xml:31:13-33:85
165                android:name="com.google.firebase.components:com.google.firebase.analytics.connector.internal.AnalyticsConnectorRegistrar"
165-->[com.google.android.gms:play-services-measurement-api:21.0.0] AndroidManifest.xml:32:17-139
166                android:value="com.google.firebase.components.ComponentRegistrar" />
166-->[com.google.android.gms:play-services-measurement-api:21.0.0] AndroidManifest.xml:33:17-82
167            <meta-data
167-->[com.google.firebase:firebase-installations:17.0.1] AndroidManifest.xml:18:13-20:85
168                android:name="com.google.firebase.components:com.google.firebase.installations.FirebaseInstallationsRegistrar"
168-->[com.google.firebase:firebase-installations:17.0.1] AndroidManifest.xml:19:17-127
169                android:value="com.google.firebase.components.ComponentRegistrar" />
169-->[com.google.firebase:firebase-installations:17.0.1] AndroidManifest.xml:20:17-82
170        </service>
171
172        <activity
172-->[com.google.firebase:firebase-auth:21.0.8] AndroidManifest.xml:27:9-44:20
173            android:name="com.google.firebase.auth.internal.GenericIdpActivity"
173-->[com.google.firebase:firebase-auth:21.0.8] AndroidManifest.xml:28:13-80
174            android:excludeFromRecents="true"
174-->[com.google.firebase:firebase-auth:21.0.8] AndroidManifest.xml:29:13-46
175            android:exported="true"
175-->[com.google.firebase:firebase-auth:21.0.8] AndroidManifest.xml:30:13-36
176            android:launchMode="singleTask"
176-->[com.google.firebase:firebase-auth:21.0.8] AndroidManifest.xml:31:13-44
177            android:theme="@android:style/Theme.Translucent.NoTitleBar" >
177-->[com.google.firebase:firebase-auth:21.0.8] AndroidManifest.xml:32:13-72
178            <intent-filter>
178-->[com.google.firebase:firebase-auth:21.0.8] AndroidManifest.xml:33:13-43:29
179                <action android:name="android.intent.action.VIEW" />
179-->[com.google.firebase:firebase-auth:21.0.8] AndroidManifest.xml:34:17-69
179-->[com.google.firebase:firebase-auth:21.0.8] AndroidManifest.xml:34:25-66
180
181                <category android:name="android.intent.category.DEFAULT" />
181-->[com.google.firebase:firebase-auth:21.0.8] AndroidManifest.xml:36:17-76
181-->[com.google.firebase:firebase-auth:21.0.8] AndroidManifest.xml:36:27-73
182                <category android:name="android.intent.category.BROWSABLE" />
182-->[com.google.firebase:firebase-auth:21.0.8] AndroidManifest.xml:37:17-78
182-->[com.google.firebase:firebase-auth:21.0.8] AndroidManifest.xml:37:27-75
183
184                <data
184-->[com.google.firebase:firebase-auth:21.0.8] AndroidManifest.xml:39:17-42:51
185                    android:host="firebase.auth"
185-->[com.google.firebase:firebase-auth:21.0.8] AndroidManifest.xml:40:21-49
186                    android:path="/"
186-->[com.google.firebase:firebase-auth:21.0.8] AndroidManifest.xml:41:21-37
187                    android:scheme="genericidp" />
187-->[com.google.firebase:firebase-auth:21.0.8] AndroidManifest.xml:42:21-48
188            </intent-filter>
189        </activity>
190        <activity
190-->[com.google.firebase:firebase-auth:21.0.8] AndroidManifest.xml:45:9-62:20
191            android:name="com.google.firebase.auth.internal.RecaptchaActivity"
191-->[com.google.firebase:firebase-auth:21.0.8] AndroidManifest.xml:46:13-79
192            android:excludeFromRecents="true"
192-->[com.google.firebase:firebase-auth:21.0.8] AndroidManifest.xml:47:13-46
193            android:exported="true"
193-->[com.google.firebase:firebase-auth:21.0.8] AndroidManifest.xml:48:13-36
194            android:launchMode="singleTask"
194-->[com.google.firebase:firebase-auth:21.0.8] AndroidManifest.xml:49:13-44
195            android:theme="@android:style/Theme.Translucent.NoTitleBar" >
195-->[com.google.firebase:firebase-auth:21.0.8] AndroidManifest.xml:50:13-72
196            <intent-filter>
196-->[com.google.firebase:firebase-auth:21.0.8] AndroidManifest.xml:51:13-61:29
197                <action android:name="android.intent.action.VIEW" />
197-->[com.google.firebase:firebase-auth:21.0.8] AndroidManifest.xml:34:17-69
197-->[com.google.firebase:firebase-auth:21.0.8] AndroidManifest.xml:34:25-66
198
199                <category android:name="android.intent.category.DEFAULT" />
199-->[com.google.firebase:firebase-auth:21.0.8] AndroidManifest.xml:36:17-76
199-->[com.google.firebase:firebase-auth:21.0.8] AndroidManifest.xml:36:27-73
200                <category android:name="android.intent.category.BROWSABLE" />
200-->[com.google.firebase:firebase-auth:21.0.8] AndroidManifest.xml:37:17-78
200-->[com.google.firebase:firebase-auth:21.0.8] AndroidManifest.xml:37:27-75
201
202                <data
202-->[com.google.firebase:firebase-auth:21.0.8] AndroidManifest.xml:39:17-42:51
203                    android:host="firebase.auth"
203-->[com.google.firebase:firebase-auth:21.0.8] AndroidManifest.xml:40:21-49
204                    android:path="/"
204-->[com.google.firebase:firebase-auth:21.0.8] AndroidManifest.xml:41:21-37
205                    android:scheme="recaptcha" />
205-->[com.google.firebase:firebase-auth:21.0.8] AndroidManifest.xml:42:21-48
206            </intent-filter>
207        </activity>
208        <activity
208-->[com.google.android.gms:play-services-base:18.0.1] AndroidManifest.xml:20:9-22:45
209            android:name="com.google.android.gms.common.api.GoogleApiActivity"
209-->[com.google.android.gms:play-services-base:18.0.1] AndroidManifest.xml:20:19-85
210            android:exported="false"
210-->[com.google.android.gms:play-services-base:18.0.1] AndroidManifest.xml:22:19-43
211            android:theme="@android:style/Theme.Translucent.NoTitleBar" />
211-->[com.google.android.gms:play-services-base:18.0.1] AndroidManifest.xml:21:19-78
212
213        <provider
213-->[com.google.firebase:firebase-common:20.1.2] AndroidManifest.xml:26:9-31:39
214            android:name="com.google.firebase.provider.FirebaseInitProvider"
214-->[com.google.firebase:firebase-common:20.1.2] AndroidManifest.xml:27:13-77
215            android:authorities="com.ujanglukmanbdg.pemeta.firebaseinitprovider"
215-->[com.google.firebase:firebase-common:20.1.2] AndroidManifest.xml:28:13-72
216            android:directBootAware="true"
216-->[com.google.firebase:firebase-common:20.1.2] AndroidManifest.xml:29:13-43
217            android:exported="false"
217-->[com.google.firebase:firebase-common:20.1.2] AndroidManifest.xml:30:13-37
218            android:initOrder="100" />
218-->[com.google.firebase:firebase-common:20.1.2] AndroidManifest.xml:31:13-36
219
220        <receiver
220-->[com.google.android.gms:play-services-measurement:21.0.0] AndroidManifest.xml:29:9-33:20
221            android:name="com.google.android.gms.measurement.AppMeasurementReceiver"
221-->[com.google.android.gms:play-services-measurement:21.0.0] AndroidManifest.xml:30:13-85
222            android:enabled="true"
222-->[com.google.android.gms:play-services-measurement:21.0.0] AndroidManifest.xml:31:13-35
223            android:exported="false" >
223-->[com.google.android.gms:play-services-measurement:21.0.0] AndroidManifest.xml:32:13-37
224        </receiver>
225
226        <service
226-->[com.google.android.gms:play-services-measurement:21.0.0] AndroidManifest.xml:35:9-38:40
227            android:name="com.google.android.gms.measurement.AppMeasurementService"
227-->[com.google.android.gms:play-services-measurement:21.0.0] AndroidManifest.xml:36:13-84
228            android:enabled="true"
228-->[com.google.android.gms:play-services-measurement:21.0.0] AndroidManifest.xml:37:13-35
229            android:exported="false" />
229-->[com.google.android.gms:play-services-measurement:21.0.0] AndroidManifest.xml:38:13-37
230        <service
230-->[com.google.android.gms:play-services-measurement:21.0.0] AndroidManifest.xml:39:9-43:72
231            android:name="com.google.android.gms.measurement.AppMeasurementJobService"
231-->[com.google.android.gms:play-services-measurement:21.0.0] AndroidManifest.xml:40:13-87
232            android:enabled="true"
232-->[com.google.android.gms:play-services-measurement:21.0.0] AndroidManifest.xml:41:13-35
233            android:exported="false"
233-->[com.google.android.gms:play-services-measurement:21.0.0] AndroidManifest.xml:42:13-37
234            android:permission="android.permission.BIND_JOB_SERVICE" />
234-->[com.google.android.gms:play-services-measurement:21.0.0] AndroidManifest.xml:43:13-69
235
236        <meta-data
236-->[com.google.android.gms:play-services-basement:18.1.0] AndroidManifest.xml:21:9-23:69
237            android:name="com.google.android.gms.version"
237-->[com.google.android.gms:play-services-basement:18.1.0] AndroidManifest.xml:22:13-58
238            android:value="@integer/google_play_services_version" />
238-->[com.google.android.gms:play-services-basement:18.1.0] AndroidManifest.xml:23:13-66
239
240        <uses-library
240-->[androidx.window:window:1.0.0] AndroidManifest.xml:25:9-27:40
241            android:name="androidx.window.extensions"
241-->[androidx.window:window:1.0.0] AndroidManifest.xml:26:13-54
242            android:required="false" />
242-->[androidx.window:window:1.0.0] AndroidManifest.xml:27:13-37
243        <uses-library
243-->[androidx.window:window:1.0.0] AndroidManifest.xml:28:9-30:40
244            android:name="androidx.window.sidecar"
244-->[androidx.window:window:1.0.0] AndroidManifest.xml:29:13-51
245            android:required="false" />
245-->[androidx.window:window:1.0.0] AndroidManifest.xml:30:13-37
246
247        <service
247-->[androidx.room:room-runtime:2.5.0-alpha03] AndroidManifest.xml:24:9-28:63
248            android:name="androidx.room.MultiInstanceInvalidationService"
248-->[androidx.room:room-runtime:2.5.0-alpha03] AndroidManifest.xml:25:13-74
249            android:directBootAware="true"
249-->[androidx.room:room-runtime:2.5.0-alpha03] AndroidManifest.xml:26:13-43
250            android:exported="false" />
250-->[androidx.room:room-runtime:2.5.0-alpha03] AndroidManifest.xml:27:13-37
251        <service
251-->[androidx.camera:camera-camera2:1.2.0-beta02] AndroidManifest.xml:24:9-33:19
252            android:name="androidx.camera.core.impl.MetadataHolderService"
252-->[androidx.camera:camera-camera2:1.2.0-beta02] AndroidManifest.xml:25:13-75
253            android:enabled="false"
253-->[androidx.camera:camera-camera2:1.2.0-beta02] AndroidManifest.xml:26:13-36
254            android:exported="false" >
254-->[androidx.camera:camera-camera2:1.2.0-beta02] AndroidManifest.xml:27:13-37
255            <meta-data
255-->[androidx.camera:camera-camera2:1.2.0-beta02] AndroidManifest.xml:30:13-32:89
256                android:name="androidx.camera.core.impl.MetadataHolderService.DEFAULT_CONFIG_PROVIDER"
256-->[androidx.camera:camera-camera2:1.2.0-beta02] AndroidManifest.xml:31:17-103
257                android:value="androidx.camera.camera2.Camera2Config$DefaultProvider" />
257-->[androidx.camera:camera-camera2:1.2.0-beta02] AndroidManifest.xml:32:17-86
258        </service>
259
260        <provider
260-->[androidx.emoji2:emoji2:1.2.0] AndroidManifest.xml:24:9-32:20
261            android:name="androidx.startup.InitializationProvider"
261-->[androidx.emoji2:emoji2:1.2.0] AndroidManifest.xml:25:13-67
262            android:authorities="com.ujanglukmanbdg.pemeta.androidx-startup"
262-->[androidx.emoji2:emoji2:1.2.0] AndroidManifest.xml:26:13-68
263            android:exported="false" >
263-->[androidx.emoji2:emoji2:1.2.0] AndroidManifest.xml:27:13-37
264            <meta-data
264-->[androidx.emoji2:emoji2:1.2.0] AndroidManifest.xml:29:13-31:52
265                android:name="androidx.emoji2.text.EmojiCompatInitializer"
265-->[androidx.emoji2:emoji2:1.2.0] AndroidManifest.xml:30:17-75
266                android:value="androidx.startup" />
266-->[androidx.emoji2:emoji2:1.2.0] AndroidManifest.xml:31:17-49
267            <meta-data
267-->[androidx.lifecycle:lifecycle-process:2.4.1] AndroidManifest.xml:31:13-33:52
268                android:name="androidx.lifecycle.ProcessLifecycleInitializer"
268-->[androidx.lifecycle:lifecycle-process:2.4.1] AndroidManifest.xml:32:17-78
269                android:value="androidx.startup" />
269-->[androidx.lifecycle:lifecycle-process:2.4.1] AndroidManifest.xml:33:17-49
270        </provider>
271
272        <service